[12:01:05] [DEBUG] Loading API from .\ScriptHookVDotNet2.dll ...
[12:01:05] [DEBUG] Loading API from .\ScriptHookVDotNet3.dll ...
[12:01:05] [DEBUG] Initializing NativeMemory members...
[12:01:06] [DEBUG] Loading scripts from D:\Games-kuyhAa\Grand Theft Auto V\scripts ...
[12:01:07] [DEBUG] Loading assembly DirectShowLib-2005.dll ...
[12:01:07] [INFO] Found 0 script(s) in DirectShowLib-2005.dll.
[12:01:07] [DEBUG] Loading assembly GTAVWebhook.dll ...
[12:01:07] [INFO] Found 2 script(s) in GTAVWebhook.dll resolved to API version 3.6.0.
[12:01:07] [DEBUG] Loading assembly LemonUI.SHVDN3.dll ...
[12:01:07] [INFO] Found 0 script(s) in LemonUI.SHVDN3.dll.
[12:01:07] [DEBUG] Loading assembly NativeUI.dll ...
[12:01:07] [INFO] Found 1 script(s) in NativeUI.dll resolved to API version 2.11.6.
[12:01:07] [DEBUG] Loading assembly NAudio.dll ...
[12:01:07] [INFO] Found 0 script(s) in NAudio.dll.
[12:01:07] [DEBUG] Loading assembly NAZ-Health10000.dll ...
[12:01:07] [INFO] Found 1 script(s) in NAZ-Health10000.dll resolved to API version 3.6.0.
[12:01:07] [DEBUG] Loading assembly NAZ-Teleportback.dll ...
[12:01:07] [INFO] Found 1 script(s) in NAZ-Teleportback.dll resolved to API version 3.6.0.
[12:01:07] [DEBUG] Loading assembly PedSelector.dll ...
[12:01:07] [WARNING] Unable to resolve API version 3.7.0.
[12:01:07] [DEBUG] Loading assembly PedStatus.dll ...
[12:01:07] [INFO] Found 1 script(s) in PedStatus.dll resolved to API version 3.6.0.
[12:01:07] [DEBUG] Loading assembly Ragdoll.dll ...
[12:01:07] [INFO] Found 1 script(s) in Ragdoll.dll resolved to API version 3.6.0.
[12:01:07] [DEBUG] Loading assembly System.Net.Http.dll ...
[12:01:07] [INFO] Found 0 script(s) in System.Net.Http.dll.
[12:01:07] [DEBUG] Loading assembly System.Web.dll ...
[12:01:07] [INFO] Found 0 script(s) in System.Web.dll.
[12:01:07] [WARNING] Found 1 script(s) resolved to the deprecated API version 2.x (ScriptHookVDotNet2.dll). The v2 API is no longer actively supported. It may stop being supported in the future. Please report to the authors who developed some of the deprecated scripts. The list of script names:
[12:01:07] [WARNING] NativeUI.dll
[12:01:07] [DEBUG] Instantiating script GTAVWebhookScript ...
[12:01:07] [INFO] Started script GTAVWebhookScript.
[12:01:07] [DEBUG] Instantiating script NPCCleaner ...
[12:01:07] [INFO] Started script NPCCleaner.
[12:01:07] [DEBUG] Instantiating script NativeUI.BigMessageThread ...
[12:01:07] [INFO] Started script NativeUI.BigMessageThread.
[12:01:07] [DEBUG] Instantiating script AutoIncreasePlayerHealth ...
[12:01:07] [INFO] Started script AutoIncreasePlayerHealth.
[12:01:07] [DEBUG] Instantiating script SetPoint.Main ...
[12:01:07] [INFO] Started script SetPoint.Main.
[12:01:07] [DEBUG] Instantiating script CompanionHealth.Main ...
[12:01:07] [INFO] Started script CompanionHealth.Main.
[12:01:07] [DEBUG] Instantiating script ToggleRagdoll ...
[12:01:07] [INFO] Started script ToggleRagdoll.
